I:\CAD三维设计\TERRAIN\CADTERRAINMODULE\TERRAINMODULE\X64\DEBUG\TERRAINMODULE.PCH
I:\CAD三维设计\TERRAIN\CADTERRAINMODULE\TERRAINMODULE\X64\DEBUG\STDAFX.OBJ
I:\CAD三维设计\TERRAIN\CADTERRAINMODULE\TERRAINMODULE\X64\DEBUG\VC110.PDB
I:\CAD三维设计\TERRAIN\CADTERRAINMODULE\TERRAINMODULE\X64\DEBUG\ACEDEMPLOYREACTOR.OBJ
I:\CAD三维设计\TERRAIN\CADTERRAINMODULE\TERRAINMODULE\X64\DEBUG\ACRXENTRYPOINT.OBJ
I:\CAD三维设计\TERRAIN\CADTERRAINMODULE\TERRAINMODULE\X64\DEBUG\BOOSTGRAPHIC.OBJ
I:\CAD三维设计\TERRAIN\CADTERRAINMODULE\TERRAINMODULE\X64\DEBUG\CDYNAMICLOAD.OBJ
I:\CAD三维设计\TERRAIN\CADTERRAINMODULE\TERRAINMODULE\X64\DEBUG\CREADSRCFILE.OBJ
I:\CAD三维设计\TERRAIN\CADTERRAINMODULE\TERRAINMODULE\X64\DEBUG\CREATEGEOMTRY.OBJ
I:\CAD三维设计\TERRAIN\CADTERRAINMODULE\TERRAINMODULE\X64\DEBUG\CTERRAINQUADTREE.OBJ
I:\CAD三维设计\TERRAIN\CADTERRAINMODULE\TERRAINMODULE\X64\DEBUG\CUSTOMPOLYGONMESH.OBJ
I:\CAD三维设计\TERRAIN\CADTERRAINMODULE\TERRAINMODULE\X64\DEBUG\DLGTERRAIN.OBJ
I:\CAD三维设计\TERRAIN\CADTERRAINMODULE\TERRAINMODULE\X64\DEBUG\DOCDATA.OBJ
I:\CAD三维设计\TERRAIN\CADTERRAINMODULE\TERRAINMODULE\X64\DEBUG\POSTTOMODELSPACE.OBJ
I:\CAD三维设计\TERRAIN\CADTERRAINMODULE\TERRAINMODULE\X64\DEBUG\STRINGCONVERT.OBJ
I:\CAD三维设计\TERRAIN\CADTERRAINMODULE\TERRAINMODULE\X64\DEBUG\TERRAINMODULE.OBJ
I:\CAD三维设计\TERRAIN\CADTERRAINMODULE\X64\DEBUG\ADSKTERRAINMODULE.ARX
I:\CAD三维设计\TERRAIN\CADTERRAINMODULE\X64\DEBUG\ADSKTERRAINMODULE.PDB
I:\CAD三维设计\TERRAIN\CADTERRAINMODULE\TERRAINMODULE\X64\DEBUG\TERRAINMODULE.RES
I:\CAD三维设计\Terrain\CADTerrainModule\TerrainModule\x64\Debug\AdskTerrainModule.lib
I:\CAD三维设计\Terrain\CADTerrainModule\TerrainModule\x64\Debug\AdskTerrainModule.exp
I:\CAD三维设计\Terrain\CADTerrainModule\TerrainModule\x64\Debug\AcedEmployReactor.obj
I:\CAD三维设计\Terrain\CADTerrainModule\TerrainModule\x64\Debug\acrxEntryPoint.obj
I:\CAD三维设计\Terrain\CADTerrainModule\TerrainModule\x64\Debug\BoostGraphic.obj
I:\CAD三维设计\Terrain\CADTerrainModule\TerrainModule\x64\Debug\CDynamicload.obj
I:\CAD三维设计\Terrain\CADTerrainModule\TerrainModule\x64\Debug\CReadSrcFile.obj
I:\CAD三维设计\Terrain\CADTerrainModule\TerrainModule\x64\Debug\CreateGeomtry.obj
I:\CAD三维设计\Terrain\CADTerrainModule\TerrainModule\x64\Debug\CTerrainQuadTree.obj
I:\CAD三维设计\Terrain\CADTerrainModule\TerrainModule\x64\Debug\CustomPolygonmesh.obj
I:\CAD三维设计\Terrain\CADTerrainModule\TerrainModule\x64\Debug\DlgTerrain.obj
I:\CAD三维设计\Terrain\CADTerrainModule\TerrainModule\x64\Debug\DocData.obj
I:\CAD三维设计\Terrain\CADTerrainModule\TerrainModule\x64\Debug\PostToModelSpace.obj
I:\CAD三维设计\Terrain\CADTerrainModule\TerrainModule\x64\Debug\StdAfx.obj
I:\CAD三维设计\Terrain\CADTerrainModule\TerrainModule\x64\Debug\StringConvert.obj
I:\CAD三维设计\Terrain\CADTerrainModule\TerrainModule\x64\Debug\TerrainModule.obj
I:\CAD三维设计\Terrain\CADTerrainModule\TerrainModule\x64\Debug\cl.command.1.tlog
I:\CAD三维设计\Terrain\CADTerrainModule\TerrainModule\x64\Debug\CL.read.1.tlog
I:\CAD三维设计\Terrain\CADTerrainModule\TerrainModule\x64\Debug\CL.write.1.tlog
I:\CAD三维设计\Terrain\CADTerrainModule\TerrainModule\x64\Debug\link-cvtres.read.1.tlog
I:\CAD三维设计\Terrain\CADTerrainModule\TerrainModule\x64\Debug\link-cvtres.write.1.tlog
I:\CAD三维设计\Terrain\CADTerrainModule\TerrainModule\x64\Debug\link-mt.read.1.tlog
I:\CAD三维设计\Terrain\CADTerrainModule\TerrainModule\x64\Debug\link-mt.write.1.tlog
I:\CAD三维设计\Terrain\CADTerrainModule\TerrainModule\x64\Debug\link-rc.read.1.tlog
I:\CAD三维设计\Terrain\CADTerrainModule\TerrainModule\x64\Debug\link-rc.write.1.tlog
I:\CAD三维设计\Terrain\CADTerrainModule\TerrainModule\x64\Debug\link.command.1.tlog
I:\CAD三维设计\Terrain\CADTerrainModule\TerrainModule\x64\Debug\link.read.1.tlog
I:\CAD三维设计\Terrain\CADTerrainModule\TerrainModule\x64\Debug\link.write.1.tlog
I:\CAD三维设计\Terrain\CADTerrainModule\TerrainModule\x64\Debug\rc.command.1.tlog
I:\CAD三维设计\Terrain\CADTerrainModule\TerrainModule\x64\Debug\rc.read.1.tlog
I:\CAD三维设计\Terrain\CADTerrainModule\TerrainModule\x64\Debug\rc.write.1.tlog
I:\CAD三维设计\Terrain\CADTerrainModule\TerrainModule\x64\Debug\TerrainModule.write.1.tlog
I:\CAD三维设计\Terrain\CADTerrainModule\TerrainModule\x64\Debug\TerrainModule.res
I:\CAD三维设计\Terrain\CADTerrainModule\TerrainModule\x64\Debug\TerrainModule.pch
I:\CAD三维设计\Terrain\CADTerrainModule\TerrainModule\x64\Debug\vc110.idb
I:\CAD三维设计\Terrain\CADTerrainModule\TerrainModule\x64\Debug\vc110.pdb
I:\CAD三维设计\Terrain\CADTerrainModule\x64\Debug\AdskTerrainModule.pdb
I:\CAD三维设计\Terrain\CADTerrainModule\x64\Debug\AdskTerrainModule.arx
